[0m[[0m[0mdebug[0m] [0m[0m> Exec(run, Some(ac7c3ce3-c6d3-4ac6-aefb-c1f0cd52f135), Some(CommandSource(console0)))[0m
[0m[[0m[0mdebug[0m] [0m[0mEvaluating tasks: Compile / run[0m
[0m[[0m[0mdebug[0m] [0m[0mRunning task... Cancel: Signal, check cycles: false, forcegc: true[0m
[0m[[0m[0minfo[0m] [0m[0mUpdating [0m
[0m[[0m[0minfo[0m] [0m[0mResolved  dependencies[0m
[0m[[0m[0minfo[0m] [0m[0mUpdating [0m
[0m[[0m[0minfo[0m] [0m[0mResolved  dependencies[0m
[0m[[0m[0minfo[0m] [0m[0mUpdating [0m
[0m[[0m[0minfo[0m] [0m[0mResolved  dependencies[0m
[0m[[0m[0minfo[0m] [0m[0mFetching artifacts of [0m
[0m[[0m[0minfo[0m] [0m[0mFetched artifacts of [0m
[0m[[0m[0minfo[0m] [0m[0mFetching artifacts of [0m
[0m[[0m[0minfo[0m] [0m[0mFetched artifacts of [0m
[0m[[0m[0minfo[0m] [0m[0mcompiling 1 Scala source to /home/mcngnt/projprog2/LeProjetProg2-des-wiiinneeers-/target/scala-3.3.1/classes ...[0m
[0m[[0m[31merror[0m] [0m[0m[31m[31m-- Error: /home/mcngnt/projprog2/LeProjetProg2-des-wiiinneeers-/src/main/scala/main.scala:4:0 [0m[0m[0m
[0m[[0m[31merror[0m] [0m[0m[31m4 |[0m[33mvar[0m [36mcounter[0m: [35mDouble[0m = [31m0[0m[0m
[0m[[0m[31merror[0m] [0m[0m[31m[31m  |[0m^^^[0m[0m
[0m[[0m[31merror[0m] [0m[0m[31m  |[0mindented definitions expected, var found[0m
[0m[[0m[31merror[0m] [0m[0m[31m[31m-- [E103] Syntax Error: /home/mcngnt/projprog2/LeProjetProg2-des-wiiinneeers-/src/main/scala/main.scala:7:0 [0m[0m[0m
[0m[[0m[31merror[0m] [0m[0m[31m7 |[0mprintln([31ms"Counter: [0m${counter}[31m"[0m)[0m
[0m[[0m[31merror[0m] [0m[0m[31m[31m  |[0m^^^^^^^[0m[0m
[0m[[0m[31merror[0m] [0m[0m[31m  |[0mIllegal start of toplevel definition[0m
[0m[[0m[31merror[0m] [0m[0m[31m  |[0m[0m
[0m[[0m[31merror[0m] [0m[0m[31m  |[0m longer explanation available when compiling with `-explain`[0m
[0m[[0m[31merror[0m] [0m[0m[31m[31m-- [E018] Syntax Error: /home/mcngnt/projprog2/LeProjetProg2-des-wiiinneeers-/src/main/scala/main.scala:12:16 [0m[0m[0m
[0m[[0m[31merror[0m] [0m[0m[31m12 |[0m[35m@main[0m [33mdef[0m [36mmain[0m =[0m
[0m[[0m[31merror[0m] [0m[0m[31m[31m   |[0m                ^[0m[0m
[0m[[0m[31merror[0m] [0m[0m[31m   |[0m                expression expected but [31mval[0m found[0m
[0m[[0m[31merror[0m] [0m[0m[31m   |[0m[0m
[0m[[0m[31merror[0m] [0m[0m[31m   |[0m longer explanation available when compiling with `-explain`[0m
[0m[[0m[31merror[0m] [0m[0m[31m[31m-- [E006] Not Found Error: /home/mcngnt/projprog2/LeProjetProg2-des-wiiinneeers-/src/main/scala/main.scala:6:0 [0m[0m[0m
[0m[[0m[31merror[0m] [0m[0m[31m6 |[0mcounter += [31m1[0m[0m
[0m[[0m[31merror[0m] [0m[0m[31m[31m  |[0m^^^^^^^[0m[0m
[0m[[0m[31merror[0m] [0m[0m[31m  |[0mNot found: counter[0m
[0m[[0m[31merror[0m] [0m[0m[31m  |[0m[0m
[0m[[0m[31merror[0m] [0m[0m[31m  |[0m longer explanation available when compiling with `-explain`[0m
[0m[[0m[31merror[0m] [0m[0mfour errors found[0m
[0m[[0m[31merror[0m] [0m[0m(Compile / [31mcompileIncremental[0m) Compilation failed[0m
[0m[[0m[31merror[0m] [0m[0mTotal time: 9 s, completed Jan 31, 2024 1:14:50 AM[0m
[0m[[0m[0mdebug[0m] [0m[0m> Exec(shell, None, None)[0m
